<?xml version="1.0" encoding="UTF-8"?>
<testsuite xmlns:xsi="http://www.w3.org/2001/XMLSchema-instance" xsi:noNamespaceSchemaLocation="https://maven.apache.org/surefire/maven-surefire-plugin/xsd/surefire-test-report-3.0.xsd" version="3.0" name="com.proyecto.demo.TurismoSantanderApplicationTests" time="8.51" tests="1" errors="0" skipped="0" failures="0">
  <properties>
[...]
</properties>
  <testcase name="contextLoads" classname="com.proyecto.demo.TurismoSantanderApplicationTests" time="1.426">
    <system-out><![CDATA[11:38:14.419 [main] INFO org.springframework.test.context.support.AnnotationConfigContextLoaderUtils -- Could not detect default configuration classes for test class [com.proyecto.demo.TurismoSantanderApplicationTests]: TurismoSantanderApplicationTests does not declare any static, non-private, non-final, nested classes annotated with @Configuration.
11:38:14.623 [main] INFO org.springframework.boot.test.context.SpringBootTestContextBootstrapper -- Found @SpringBootConfiguration com.proyecto.demo.TurismoSantanderApplication for test class com.proyecto.demo.TurismoSantanderApplicationTests
11:38:15.004 [main] INFO org.springframework.boot.devtools.restart.RestartApplicationListener -- Restart disabled due to context in which it is running

  .   ____          _            __ _ _
 /\\ / ___'_ __ _ _(_)_ __  __ _ \ \ \ \
( ( )\___ | '_ | '_| | '_ \/ _` | \ \ \ \
 \\/  ___)| |_)| | | | | || (_| |  ) ) ) )
  '  |____| .__|_| |_|_| |_\__, | / / / /
 =========|_|==============|___/=/_/_/_/

 :: Spring Boot ::                (v3.3.1)

2024-09-26T11:38:15.384-05:00  INFO 11156 --- [Turismo_Santander] [           main] c.p.d.TurismoSantanderApplicationTests   : Starting TurismoSantanderApplicationTests using Java 17.0.8.1 with PID 11156 (started by DANNA Y VALE in C:\Spring_danna\Trabajo de grado\Turismo_Santander\Turismo_Santander)
2024-09-26T11:38:15.384-05:00  INFO 11156 --- [Turismo_Santander] [           main] c.p.d.TurismoSantanderApplicationTests   : No active profile set, falling back to 1 default profile: "default"
2024-09-26T11:38:16.644-05:00  INFO 11156 --- [Turismo_Santander] [           main] .s.d.r.c.RepositoryConfigurationDelegate : Bootstrapping Spring Data MongoDB repositories in DEFAULT mode.
2024-09-26T11:38:16.783-05:00  INFO 11156 --- [Turismo_Santander] [           main] .s.d.r.c.RepositoryConfigurationDelegate : Finished Spring Data repository scanning in 126 ms. Found 7 MongoDB repository interfaces.
2024-09-26T11:38:18.604-05:00  INFO 11156 --- [Turismo_Santander] [           main] org.mongodb.driver.client                : MongoClient with metadata {"driver": {"name": "mongo-java-driver|sync|spring-boot", "version": "5.0.1"}, "os": {"type": "Windows", "name": "Windows 11", "architecture": "amd64", "version": "10.0"}, "platform": "Java/Eclipse Adoptium/17.0.8.1+1"} created with settings MongoClientSettings{readPreference=primary, writeConcern=WriteConcern{w=null, wTimeout=null ms, journal=null}, retryWrites=true, retryReads=true, readConcern=ReadConcern{level=null}, credential=MongoCredential{mechanism=null, userName='dannadiaz1023', source='admin', password=<hidden>, mechanismProperties=<hidden>}, transportSettings=null, commandListeners=[], codecRegistry=ProvidersCodecRegistry{codecProviders=[ValueCodecProvider{}, BsonValueCodecProvider{}, DBRefCodecProvider{}, DBObjectCodecProvider{}, DocumentCodecProvider{}, CollectionCodecProvider{}, IterableCodecProvider{}, MapCodecProvider{}, GeoJsonCodecProvider{}, GridFSFileCodecProvider{}, Jsr310CodecProvider{}, JsonObjectCodecProvider{}, BsonCodecProvider{}, EnumCodecProvider{}, com.mongodb.client.model.mql.ExpressionCodecProvider@58f2466c, com.mongodb.Jep395RecordCodecProvider@5809fa26, com.mongodb.KotlinCodecProvider@64763e49]}, loggerSettings=LoggerSettings{maxDocumentLength=1000}, clusterSettings={hosts=[127.0.0.1:27017], srvHost=clusterdanna.jo8cwur.mongodb.net, srvServiceName=mongodb, mode=MULTIPLE, requiredClusterType=REPLICA_SET, requiredReplicaSetName='atlas-h82agm-shard-0', serverSelector='null', clusterListeners='[]', serverSelectionTimeout='30000 ms', localThreshold='15 ms'}, socketSettings=SocketSettings{connectTimeoutMS=10000, readTimeoutMS=0, receiveBufferSize=0, proxySettings=ProxySettings{host=null, port=null, username=null, password=null}}, heartbeatSocketSettings=SocketSettings{connectTimeoutMS=10000, readTimeoutMS=10000, receiveBufferSize=0, proxySettings=ProxySettings{host=null, port=null, username=null, password=null}}, connectionPoolSettings=ConnectionPoolSettings{maxSize=100, minSize=0, maxWaitTimeMS=120000, maxConnectionLifeTimeMS=0, maxConnectionIdleTimeMS=0, maintenanceInitialDelayMS=0, maintenanceFrequencyMS=60000, connectionPoolListeners=[], maxConnecting=2}, serverSettings=ServerSettings{heartbeatFrequencyMS=10000, minHeartbeatFrequencyMS=500, serverListeners='[]', serverMonitorListeners='[]'}, sslSettings=SslSettings{enabled=true, invalidHostNameAllowed=false, context=null}, applicationName='null', compressorList=[], uuidRepresentation=JAVA_LEGACY, serverApi=null, autoEncryptionSettings=null, dnsClient=null, inetAddressResolver=null, contextProvider=null}
2024-09-26T11:38:18.674-05:00  INFO 11156 --- [Turismo_Santander] [wur.mongodb.net] org.mongodb.driver.cluster               : Adding discovered server ac-tokzf20-shard-00-00.jo8cwur.mongodb.net:27017 to client view of cluster
2024-09-26T11:38:18.755-05:00  INFO 11156 --- [Turismo_Santander] [wur.mongodb.net] org.mongodb.driver.cluster               : Adding discovered server ac-tokzf20-shard-00-02.jo8cwur.mongodb.net:27017 to client view of cluster
2024-09-26T11:38:18.767-05:00  INFO 11156 --- [Turismo_Santander] [wur.mongodb.net] org.mongodb.driver.cluster               : Adding discovered server ac-tokzf20-shard-00-01.jo8cwur.mongodb.net:27017 to client view of cluster
2024-09-26T11:38:20.304-05:00  INFO 11156 --- [Turismo_Santander] [           main] o.s.b.a.w.s.WelcomePageHandlerMapping    : Adding welcome page template: index
2024-09-26T11:38:20.471-05:00  INFO 11156 --- [Turismo_Santander] [ngodb.net:27017] org.mongodb.driver.cluster               : Monitor thread successfully connected to server with description ServerDescription{address=ac-tokzf20-shard-00-02.jo8cwur.mongodb.net:27017, type=REPLICA_SET_PRIMARY, state=CONNECTED, ok=true, minWireVersion=0, maxWireVersion=21, maxDocumentSize=16777216, logicalSessionTimeoutMinutes=30, roundTripTimeNanos=757741800, setName='atlas-h82agm-shard-0', canonicalAddress=ac-tokzf20-shard-00-02.jo8cwur.mongodb.net:27017, hosts=[ac-tokzf20-shard-00-00.jo8cwur.mongodb.net:27017, ac-tokzf20-shard-00-01.jo8cwur.mongodb.net:27017, ac-tokzf20-shard-00-02.jo8cwur.mongodb.net:27017], passives=[], arbiters=[], primary='ac-tokzf20-shard-00-02.jo8cwur.mongodb.net:27017', tagSet=TagSet{[Tag{name='availabilityZone', value='usw2-az3'}, Tag{name='diskState', value='READY'}, Tag{name='nodeType', value='ELECTABLE'}, Tag{name='provider', value='AWS'}, Tag{name='region', value='US_WEST_2'}, Tag{name='workloadType', value='OPERATIONAL'}]}, electionId=7fffffff00000000000000ba, setVersion=11, topologyVersion=TopologyVersion{processId=66c8eebe2b1a9d79e5a8dc82, counter=6}, lastWriteDate=Thu Sep 26 11:38:20 COT 2024, lastUpdateTimeNanos=8243324774999}
2024-09-26T11:38:20.471-05:00  INFO 11156 --- [Turismo_Santander] [ngodb.net:27017] org.mongodb.driver.cluster               : Monitor thread successfully connected to server with description ServerDescription{address=ac-tokzf20-shard-00-01.jo8cwur.mongodb.net:27017, type=REPLICA_SET_SECONDARY, state=CONNECTED, ok=true, minWireVersion=0, maxWireVersion=21, maxDocumentSize=16777216, logicalSessionTimeoutMinutes=30, roundTripTimeNanos=757845900, setName='atlas-h82agm-shard-0', canonicalAddress=ac-tokzf20-shard-00-01.jo8cwur.mongodb.net:27017, hosts=[ac-tokzf20-shard-00-00.jo8cwur.mongodb.net:27017, ac-tokzf20-shard-00-01.jo8cwur.mongodb.net:27017, ac-tokzf20-shard-00-02.jo8cwur.mongodb.net:27017], passives=[], arbiters=[], primary='ac-tokzf20-shard-00-02.jo8cwur.mongodb.net:27017', tagSet=TagSet{[Tag{name='availabilityZone', value='usw2-az1'}, Tag{name='diskState', value='READY'}, Tag{name='nodeType', value='ELECTABLE'}, Tag{name='provider', value='AWS'}, Tag{name='region', value='US_WEST_2'}, Tag{name='workloadType', value='OPERATIONAL'}]}, electionId=null, setVersion=11, topologyVersion=TopologyVersion{processId=66c8f06116a5860d55d5d726, counter=3}, lastWriteDate=Thu Sep 26 11:38:20 COT 2024, lastUpdateTimeNanos=8243325052100}
2024-09-26T11:38:20.486-05:00  INFO 11156 --- [Turismo_Santander] [ngodb.net:27017] org.mongodb.driver.cluster               : Discovered replica set primary ac-tokzf20-shard-00-02.jo8cwur.mongodb.net:27017 with max election id 7fffffff00000000000000ba and max set version 11
2024-09-26T11:38:21.147-05:00  INFO 11156 --- [Turismo_Santander] [           main] c.p.d.TurismoSantanderApplicationTests   : Started TurismoSantanderApplicationTests in 6.184 seconds (process running for 8.388)
2024-09-26T11:38:22.459-05:00  INFO 11156 --- [Turismo_Santander] [ngodb.net:27017] org.mongodb.driver.cluster               : Monitor thread successfully connected to server with description ServerDescription{address=ac-tokzf20-shard-00-00.jo8cwur.mongodb.net:27017, type=REPLICA_SET_SECONDARY, state=CONNECTED, ok=true, minWireVersion=0, maxWireVersion=21, maxDocumentSize=16777216, logicalSessionTimeoutMinutes=30, roundTripTimeNanos=359084399, setName='atlas-h82agm-shard-0', canonicalAddress=ac-tokzf20-shard-00-00.jo8cwur.mongodb.net:27017, hosts=[ac-tokzf20-shard-00-00.jo8cwur.mongodb.net:27017, ac-tokzf20-shard-00-01.jo8cwur.mongodb.net:27017, ac-tokzf20-shard-00-02.jo8cwur.mongodb.net:27017], passives=[], arbiters=[], primary='ac-tokzf20-shard-00-02.jo8cwur.mongodb.net:27017', tagSet=TagSet{[Tag{name='availabilityZone', value='usw2-az2'}, Tag{name='diskState', value='READY'}, Tag{name='nodeType', value='ELECTABLE'}, Tag{name='provider', value='AWS'}, Tag{name='region', value='US_WEST_2'}, Tag{name='workloadType', value='OPERATIONAL'}]}, electionId=null, setVersion=11, topologyVersion=TopologyVersion{processId=66c8ec0ce9f24af436d6ce7a, counter=4}, lastWriteDate=Thu Sep 26 11:38:22 COT 2024, lastUpdateTimeNanos=8245319530999}
]]></system-out>
  </testcase>
</testsuite>